<?xml version="1.0" encoding="UTF-8"?>
<Site BuildName="(empty)"
	BuildStamp="20241029-1311-Experimental"
	Name="(empty)"
	Generator="ctest-3.27.4"
	CompilerName=""
	CompilerVersion=""
	OSName="Linux"
	Hostname="hh"
	OSRelease="6.5.0-28-generic"
	OSVersion="#29-Ubuntu SMP PREEMPT_DYNAMIC Thu Mar 28 23:46:48 UTC 2024"
	OSPlatform="x86_64"
	Is64Bits="1"
	VendorString="GenuineIntel"
	VendorID="Intel Corporation"
	FamilyID="6"
	ModelID="140"
	ProcessorCacheSize="8192"
	NumberOfLogicalCPU="8"
	NumberOfPhysicalCPU="4"
	TotalVirtualMemory="16383"
	TotalPhysicalMemory="15782"
	LogicalProcessorsPerPhysical="2"
	ProcessorClockFrequency="1323.4"
	>
	<Testing>
		<StartDateTime>Oct 29 16:12 MSK</StartDateTime>
		<StartTestTime>1730207547</StartTestTime>
		<TestList/>
		<EndDateTime>Oct 29 16:12 MSK</EndDateTime>
		<EndTestTime>1730207547</EndTestTime>
		<ElapsedMinutes>0</ElapsedMinutes>
	</Testing>
</Site>
