Start testing: Oct 29 16:23 MSK
----------------------------------------------------------
1/1 Testing: StackOnPointers Test
1/1 Test: StackOnPointers Test
Command: "/home/zst/spbu/programming/dynamicStructures/postfixCalculator/stackOnPointers/build/bin/testStack"
Directory: /home/zst/spbu/programming/dynamicStructures/postfixCalculator/stackOnPointers/build
"StackOnPointers Test" start time: Oct 29 16:23 MSK
Output:
----------------------------------------------------------
<end of output>
Test time =   0.00 sec
----------------------------------------------------------
Test Passed.
"StackOnPointers Test" end time: Oct 29 16:23 MSK
"StackOnPointers Test" time elapsed: 00:00:00
----------------------------------------------------------

End testing: Oct 29 16:23 MSK
